# JRE version: OpenJDK Runtime Environment (20.0.1+9) (build 20.0.1+9-29)
# Java VM: OpenJDK 64-Bit Server VM (20.0.1+9-29, mixed mode, sharing, tiered, compressed oops, compressed class ptrs, g1 gc, windows-amd64)
GC Precious Log:
 CardTable entry size: 512
 Card Set container configuration: InlinePtr #cards 4 size 8 Array Of Cards #cards 16 size 48 Howl #buckets 8 coarsen threshold 3686 Howl Bitmap #cards 512 size 80 coarsen threshold 460 Card regions per heap region 1 cards per card region 4096
 CPUs: 8 total, 8 available
 Memory: 16252M
 Large Page Support: Disabled
 NUMA Support: Disabled
 Compressed Oops: Enabled (Zero based)
 Heap Region Size: 2M
 Heap Min Capacity: 8M
 Heap Initial Capacity: 254M
 Heap Max Capacity: 4064M
 Pre-touch: Disabled
 Parallel Workers: 8
 Concurrent Workers: 2
 Concurrent Refinement Workers: 8
 Periodic GC: Disabled
Heap:
 garbage-first heap   total 260096K, used 100352K [0x0000000702000000, 0x0000000800000000)
  region size 2048K, 5 young (10240K), 5 survivors (10240K)
 Metaspace       used 3319K, committed 3456K, reserved 1114112K
  class space    used 313K, committed 384K, reserved 1048576K
GC Heap History (9 events):
Event: 0.324 GC heap before
{Heap before GC invocations=0 (full 0):
 garbage-first heap   total 260096K, used 22528K [0x0000000702000000, 0x0000000800000000)
  region size 2048K, 11 young (22528K), 0 survivors (0K)
 Metaspace       used 1548K, committed 1664K, reserved 1114112K
  class space    used 123K, committed 192K, reserved 1048576K
}
Event: 0.328 GC heap after
{Heap after GC invocations=1 (full 0):
 garbage-first heap   total 260096K, used 4996K [0x0000000702000000, 0x0000000800000000)
  region size 2048K, 2 young (4096K), 2 survivors (4096K)
 Metaspace       used 1548K, committed 1664K, reserved 1114112K
  class space    used 123K, committed 192K, reserved 1048576K
}
Event: 0.387 GC heap before
{Heap before GC invocations=1 (full 0):
 garbage-first heap   total 260096K, used 33668K [0x0000000702000000, 0x0000000800000000)
  region size 2048K, 16 young (32768K), 2 survivors (4096K)
 Metaspace       used 1573K, committed 1728K, reserved 1114112K
  class space    used 123K, committed 192K, reserved 1048576K
}
Event: 0.391 GC heap after
{Heap after GC invocations=2 (full 0):
 garbage-first heap   total 260096K, used 9757K [0x0000000702000000, 0x0000000800000000)
  region size 2048K, 2 young (4096K), 2 survivors (4096K)
 Metaspace       used 1573K, committed 1728K, reserved 1114112K
  class space    used 123K, committed 192K, reserved 1048576K
}
Event: 0.519 GC heap before
{Heap before GC invocations=2 (full 0):
 garbage-first heap   total 260096K, used 77341K [0x0000000702000000, 0x0000000800000000)
  region size 2048K, 35 young (71680K), 2 survivors (4096K)
 Metaspace       used 1589K, committed 1728K, reserved 1114112K
  class space    used 123K, committed 192K, reserved 1048576K
}
Event: 0.525 GC heap after
{Heap after GC invocations=3 (full 0):
 garbage-first heap   total 260096K, used 21003K [0x0000000702000000, 0x0000000800000000)
  region size 2048K, 5 young (10240K), 5 survivors (10240K)
 Metaspace       used 1589K, committed 1728K, reserved 1114112K
  class space    used 123K, committed 192K, reserved 1048576K
}
Event: 0.651 GC heap before
{Heap before GC invocations=3 (full 0):
 garbage-first heap   total 260096K, used 119307K [0x0000000702000000, 0x0000000800000000)
  region size 2048K, 53 young (108544K), 5 survivors (10240K)
 Metaspace       used 1593K, committed 1728K, reserved 1114112K
  class space    used 124K, committed 192K, reserved 1048576K
}
Event: 0.679 GC heap after
{Heap after GC invocations=4 (full 0):
 garbage-first heap   total 260096K, used 76334K [0x0000000702000000, 0x0000000800000000)
  region size 2048K, 7 young (14336K), 7 survivors (14336K)
 Metaspace       used 1593K, committed 1728K, reserved 1114112K
  class space    used 124K, committed 192K, reserved 1048576K
}
Event: 1.805 GC heap before
{Heap before GC invocations=4 (full 0):
 garbage-first heap   total 260096K, used 133678K [0x0000000702000000, 0x0000000800000000)
  region size 2048K, 35 young (71680K), 7 survivors (14336K)
 Metaspace       used 3319K, committed 3456K, reserved 1114112K
  class space    used 313K, committed 384K, reserved 1048576K
}

