# JRE version: OpenJDK Runtime Environment (20.0.1+9) (build 20.0.1+9-29)
# Java VM: OpenJDK 64-Bit Server VM (20.0.1+9-29, mixed mode, sharing, tiered, compressed oops, compressed class ptrs, g1 gc, windows-amd64)
GC Precious Log:
 CardTable entry size: 512
 Card Set container configuration: InlinePtr #cards 4 size 8 Array Of Cards #cards 16 size 48 Howl #buckets 8 coarsen threshold 3686 Howl Bitmap #cards 512 size 80 coarsen threshold 460 Card regions per heap region 1 cards per card region 4096
 CPUs: 8 total, 8 available
 Memory: 16252M
 Large Page Support: Disabled
 NUMA Support: Disabled
 Compressed Oops: Enabled (Zero based)
 Heap Region Size: 2M
 Heap Min Capacity: 8M
 Heap Initial Capacity: 254M
 Heap Max Capacity: 4064M
 Pre-touch: Disabled
 Parallel Workers: 8
 Concurrent Workers: 2
 Concurrent Refinement Workers: 8
 Periodic GC: Disabled
Heap:
 garbage-first heap   total 260096K, used 93534K [0x0000000702000000, 0x0000000800000000)
  region size 2048K, 30 young (61440K), 4 survivors (8192K)
 Metaspace       used 3176K, committed 3328K, reserved 1114112K
  class space    used 301K, committed 384K, reserved 1048576K
GC Heap History (20 events):
Event: 263.113 GC heap before
{Heap before GC invocations=132 (full 0):
 garbage-first heap   total 260096K, used 189986K [0x0000000702000000, 0x0000000800000000)
  region size 2048K, 76 young (155648K), 4 survivors (8192K)
 Metaspace       used 3169K, committed 3328K, reserved 1114112K
  class space    used 301K, committed 384K, reserved 1048576K
}
Event: 263.115 GC heap after
{Heap after GC invocations=133 (full 0):
 garbage-first heap   total 260096K, used 42532K [0x0000000702000000, 0x0000000800000000)
  region size 2048K, 4 young (8192K), 4 survivors (8192K)
 Metaspace       used 3169K, committed 3328K, reserved 1114112K
  class space    used 301K, committed 384K, reserved 1048576K
}
Event: 265.702 GC heap before
{Heap before GC invocations=133 (full 0):
 garbage-first heap   total 260096K, used 189988K [0x0000000702000000, 0x0000000800000000)
  region size 2048K, 76 young (155648K), 4 survivors (8192K)
 Metaspace       used 3169K, committed 3328K, reserved 1114112K
  class space    used 301K, committed 384K, reserved 1048576K
}
Event: 265.704 GC heap after
{Heap after GC invocations=134 (full 0):
 garbage-first heap   total 260096K, used 42333K [0x0000000702000000, 0x0000000800000000)
  region size 2048K, 4 young (8192K), 4 survivors (8192K)
 Metaspace       used 3169K, committed 3328K, reserved 1114112K
  class space    used 301K, committed 384K, reserved 1048576K
}
Event: 268.020 GC heap before
{Heap before GC invocations=134 (full 0):
 garbage-first heap   total 260096K, used 189789K [0x0000000702000000, 0x0000000800000000)
  region size 2048K, 76 young (155648K), 4 survivors (8192K)
 Metaspace       used 3169K, committed 3328K, reserved 1114112K
  class space    used 301K, committed 384K, reserved 1048576K
}
Event: 268.022 GC heap after
{Heap after GC invocations=135 (full 0):
 garbage-first heap   total 260096K, used 42332K [0x0000000702000000, 0x0000000800000000)
  region size 2048K, 4 young (8192K), 4 survivors (8192K)
 Metaspace       used 3169K, committed 3328K, reserved 1114112K
  class space    used 301K, committed 384K, reserved 1048576K
}
Event: 269.894 GC heap before
{Heap before GC invocations=135 (full 0):
 garbage-first heap   total 260096K, used 189788K [0x0000000702000000, 0x0000000800000000)
  region size 2048K, 76 young (155648K), 4 survivors (8192K)
 Metaspace       used 3174K, committed 3328K, reserved 1114112K
  class space    used 301K, committed 384K, reserved 1048576K
}
Event: 269.896 GC heap after
{Heap after GC invocations=136 (full 0):
 garbage-first heap   total 260096K, used 41864K [0x0000000702000000, 0x0000000800000000)
  region size 2048K, 3 young (6144K), 3 survivors (6144K)
 Metaspace       used 3174K, committed 3328K, reserved 1114112K
  class space    used 301K, committed 384K, reserved 1048576K
}
Event: 272.562 GC heap before
{Heap before GC invocations=136 (full 0):
 garbage-first heap   total 260096K, used 191368K [0x0000000702000000, 0x0000000800000000)
  region size 2048K, 76 young (155648K), 3 survivors (6144K)
 Metaspace       used 3174K, committed 3328K, reserved 1114112K
  class space    used 301K, committed 384K, reserved 1048576K
}
Event: 272.565 GC heap after
{Heap after GC invocations=137 (full 0):
 garbage-first heap   total 260096K, used 42313K [0x0000000702000000, 0x0000000800000000)
  region size 2048K, 4 young (8192K), 4 survivors (8192K)
 Metaspace       used 3174K, committed 3328K, reserved 1114112K
  class space    used 301K, committed 384K, reserved 1048576K
}
Event: 274.376 GC heap before
{Heap before GC invocations=137 (full 0):
 garbage-first heap   total 260096K, used 189769K [0x0000000702000000, 0x0000000800000000)
  region size 2048K, 76 young (155648K), 4 survivors (8192K)
 Metaspace       used 3174K, committed 3328K, reserved 1114112K
  class space    used 301K, committed 384K, reserved 1048576K
}
Event: 274.378 GC heap after
{Heap after GC invocations=138 (full 0):
 garbage-first heap   total 260096K, used 42521K [0x0000000702000000, 0x0000000800000000)
  region size 2048K, 4 young (8192K), 4 survivors (8192K)
 Metaspace       used 3174K, committed 3328K, reserved 1114112K
  class space    used 301K, committed 384K, reserved 1048576K
}
Event: 276.039 GC heap before
{Heap before GC invocations=138 (full 0):
 garbage-first heap   total 260096K, used 189977K [0x0000000702000000, 0x0000000800000000)
  region size 2048K, 76 young (155648K), 4 survivors (8192K)
 Metaspace       used 3174K, committed 3328K, reserved 1114112K
  class space    used 301K, committed 384K, reserved 1048576K
}
Event: 276.041 GC heap after
{Heap after GC invocations=139 (full 0):
 garbage-first heap   total 260096K, used 42529K [0x0000000702000000, 0x0000000800000000)
  region size 2048K, 4 young (8192K), 4 survivors (8192K)
 Metaspace       used 3174K, committed 3328K, reserved 1114112K
  class space    used 301K, committed 384K, reserved 1048576K
}
Event: 277.764 GC heap before
{Heap before GC invocations=139 (full 0):
 garbage-first heap   total 260096K, used 189985K [0x0000000702000000, 0x0000000800000000)
  region size 2048K, 76 young (155648K), 4 survivors (8192K)
 Metaspace       used 3174K, committed 3328K, reserved 1114112K
  class space    used 301K, committed 384K, reserved 1048576K
}
Event: 277.766 GC heap after
{Heap after GC invocations=140 (full 0):
 garbage-first heap   total 260096K, used 42534K [0x0000000702000000, 0x0000000800000000)
  region size 2048K, 4 young (8192K), 4 survivors (8192K)
 Metaspace       used 3174K, committed 3328K, reserved 1114112K
  class space    used 301K, committed 384K, reserved 1048576K
}
Event: 279.414 GC heap before
{Heap before GC invocations=140 (full 0):
 garbage-first heap   total 260096K, used 189990K [0x0000000702000000, 0x0000000800000000)
  region size 2048K, 76 young (155648K), 4 survivors (8192K)
 Metaspace       used 3174K, committed 3328K, reserved 1114112K
  class space    used 301K, committed 384K, reserved 1048576K
}
Event: 279.416 GC heap after
{Heap after GC invocations=141 (full 0):
 garbage-first heap   total 260096K, used 42532K [0x0000000702000000, 0x0000000800000000)
  region size 2048K, 4 young (8192K), 4 survivors (8192K)
 Metaspace       used 3174K, committed 3328K, reserved 1114112K
  class space    used 301K, committed 384K, reserved 1048576K
}
Event: 281.072 GC heap before
{Heap before GC invocations=141 (full 0):
 garbage-first heap   total 260096K, used 189988K [0x0000000702000000, 0x0000000800000000)
  region size 2048K, 76 young (155648K), 4 survivors (8192K)
 Metaspace       used 3174K, committed 3328K, reserved 1114112K
  class space    used 301K, committed 384K, reserved 1048576K
}
Event: 281.074 GC heap after
{Heap after GC invocations=142 (full 0):
 garbage-first heap   total 260096K, used 42334K [0x0000000702000000, 0x0000000800000000)
  region size 2048K, 4 young (8192K), 4 survivors (8192K)
 Metaspace       used 3174K, committed 3328K, reserved 1114112K
  class space    used 301K, committed 384K, reserved 1048576K
}

