# JRE version: OpenJDK Runtime Environment (20.0.1+9) (build 20.0.1+9-29)
# Java VM: OpenJDK 64-Bit Server VM (20.0.1+9-29, mixed mode, sharing, tiered, compressed oops, compressed class ptrs, g1 gc, windows-amd64)
GC Precious Log:
 CardTable entry size: 512
 Card Set container configuration: InlinePtr #cards 4 size 8 Array Of Cards #cards 16 size 48 Howl #buckets 8 coarsen threshold 3686 Howl Bitmap #cards 512 size 80 coarsen threshold 460 Card regions per heap region 1 cards per card region 4096
 CPUs: 8 total, 8 available
 Memory: 16252M
 Large Page Support: Disabled
 NUMA Support: Disabled
 Compressed Oops: Enabled (Zero based)
 Heap Region Size: 2M
 Heap Min Capacity: 8M
 Heap Initial Capacity: 254M
 Heap Max Capacity: 4064M
 Pre-touch: Disabled
 Parallel Workers: 8
 Concurrent Workers: 2
 Concurrent Refinement Workers: 8
 Periodic GC: Disabled
Heap:
 garbage-first heap   total 137216K, used 74829K [0x0000000702000000, 0x0000000800000000)
  region size 2048K, 17 young (34816K), 4 survivors (8192K)
 Metaspace       used 3800K, committed 4032K, reserved 1114112K
  class space    used 330K, committed 448K, reserved 1048576K
GC Heap History (20 events):
Event: 2404.640 GC heap before
{Heap before GC invocations=1208 (full 0):
 garbage-first heap   total 131072K, used 104291K [0x0000000702000000, 0x0000000800000000)
  region size 2048K, 26 young (53248K), 4 survivors (8192K)
 Metaspace       used 3783K, committed 4032K, reserved 1114112K
  class space    used 330K, committed 448K, reserved 1048576K
}
Event: 2404.656 GC heap after
{Heap after GC invocations=1209 (full 0):
 garbage-first heap   total 131072K, used 64777K [0x0000000702000000, 0x0000000800000000)
  region size 2048K, 3 young (6144K), 3 survivors (6144K)
 Metaspace       used 3783K, committed 4032K, reserved 1114112K
  class space    used 330K, committed 448K, reserved 1048576K
}
Event: 2408.517 GC heap before
{Heap before GC invocations=1210 (full 0):
 garbage-first heap   total 131072K, used 91401K [0x0000000702000000, 0x0000000800000000)
  region size 2048K, 23 young (47104K), 3 survivors (6144K)
 Metaspace       used 3783K, committed 4032K, reserved 1114112K
  class space    used 330K, committed 448K, reserved 1048576K
}
Event: 2408.525 GC heap after
{Heap after GC invocations=1211 (full 0):
 garbage-first heap   total 131072K, used 51646K [0x0000000702000000, 0x0000000800000000)
  region size 2048K, 3 young (6144K), 3 survivors (6144K)
 Metaspace       used 3783K, committed 4032K, reserved 1114112K
  class space    used 330K, committed 448K, reserved 1048576K
}
Event: 2413.864 GC heap before
{Heap before GC invocations=1211 (full 0):
 garbage-first heap   total 131072K, used 106942K [0x0000000702000000, 0x0000000800000000)
  region size 2048K, 30 young (61440K), 3 survivors (6144K)
 Metaspace       used 3783K, committed 4032K, reserved 1114112K
  class space    used 330K, committed 448K, reserved 1048576K
}
Event: 2413.872 GC heap after
{Heap after GC invocations=1212 (full 0):
 garbage-first heap   total 131072K, used 38812K [0x0000000702000000, 0x0000000800000000)
  region size 2048K, 4 young (8192K), 4 survivors (8192K)
 Metaspace       used 3783K, committed 4032K, reserved 1114112K
  class space    used 330K, committed 448K, reserved 1048576K
}
Event: 2420.276 GC heap before
{Heap before GC invocations=1212 (full 0):
 garbage-first heap   total 131072K, used 106396K [0x0000000702000000, 0x0000000800000000)
  region size 2048K, 37 young (75776K), 4 survivors (8192K)
 Metaspace       used 3783K, committed 4032K, reserved 1114112K
  class space    used 330K, committed 448K, reserved 1048576K
}
Event: 2420.284 GC heap after
{Heap after GC invocations=1213 (full 0):
 garbage-first heap   total 131072K, used 38659K [0x0000000702000000, 0x0000000800000000)
  region size 2048K, 3 young (6144K), 3 survivors (6144K)
 Metaspace       used 3783K, committed 4032K, reserved 1114112K
  class space    used 330K, committed 448K, reserved 1048576K
}
Event: 2424.394 GC heap before
{Heap before GC invocations=1213 (full 0):
 garbage-first heap   total 131072K, used 110339K [0x0000000702000000, 0x0000000800000000)
  region size 2048K, 38 young (77824K), 3 survivors (6144K)
 Metaspace       used 3784K, committed 4032K, reserved 1114112K
  class space    used 330K, committed 448K, reserved 1048576K
}
Event: 2424.418 GC heap after
{Heap after GC invocations=1214 (full 0):
 garbage-first heap   total 137216K, used 59392K [0x0000000702000000, 0x0000000800000000)
  region size 2048K, 5 young (10240K), 5 survivors (10240K)
 Metaspace       used 3784K, committed 4032K, reserved 1114112K
  class space    used 330K, committed 448K, reserved 1048576K
}
Event: 2428.710 GC heap before
{Heap before GC invocations=1214 (full 0):
 garbage-first heap   total 137216K, used 112640K [0x0000000702000000, 0x0000000800000000)
  region size 2048K, 31 young (63488K), 5 survivors (10240K)
 Metaspace       used 3784K, committed 4032K, reserved 1114112K
  class space    used 330K, committed 448K, reserved 1048576K
}
Event: 2428.726 GC heap after
{Heap after GC invocations=1215 (full 0):
 garbage-first heap   total 137216K, used 64888K [0x0000000702000000, 0x0000000800000000)
  region size 2048K, 4 young (8192K), 4 survivors (8192K)
 Metaspace       used 3784K, committed 4032K, reserved 1114112K
  class space    used 330K, committed 448K, reserved 1048576K
}
Event: 2432.548 GC heap before
{Heap before GC invocations=1216 (full 0):
 garbage-first heap   total 137216K, used 95608K [0x0000000702000000, 0x0000000800000000)
  region size 2048K, 28 young (57344K), 4 survivors (8192K)
 Metaspace       used 3784K, committed 4032K, reserved 1114112K
  class space    used 330K, committed 448K, reserved 1048576K
}
Event: 2432.555 GC heap after
{Heap after GC invocations=1217 (full 0):
 garbage-first heap   total 137216K, used 47104K [0x0000000702000000, 0x0000000800000000)
  region size 2048K, 3 young (6144K), 3 survivors (6144K)
 Metaspace       used 3784K, committed 4032K, reserved 1114112K
  class space    used 330K, committed 448K, reserved 1048576K
}
Event: 2437.797 GC heap before
{Heap before GC invocations=1217 (full 0):
 garbage-first heap   total 137216K, used 110592K [0x0000000702000000, 0x0000000800000000)
  region size 2048K, 34 young (69632K), 3 survivors (6144K)
 Metaspace       used 3784K, committed 4032K, reserved 1114112K
  class space    used 330K, committed 448K, reserved 1048576K
}
Event: 2437.808 GC heap after
{Heap after GC invocations=1218 (full 0):
 garbage-first heap   total 137216K, used 35341K [0x0000000702000000, 0x0000000800000000)
  region size 2048K, 3 young (6144K), 3 survivors (6144K)
 Metaspace       used 3784K, committed 4032K, reserved 1114112K
  class space    used 330K, committed 448K, reserved 1048576K
}
Event: 2443.423 GC heap before
{Heap before GC invocations=1218 (full 0):
 garbage-first heap   total 137216K, used 107021K [0x0000000702000000, 0x0000000800000000)
  region size 2048K, 38 young (77824K), 3 survivors (6144K)
 Metaspace       used 3800K, committed 4032K, reserved 1114112K
  class space    used 330K, committed 448K, reserved 1048576K
}
Event: 2443.444 GC heap after
{Heap after GC invocations=1219 (full 0):
 garbage-first heap   total 137216K, used 44850K [0x0000000702000000, 0x0000000800000000)
  region size 2048K, 5 young (10240K), 5 survivors (10240K)
 Metaspace       used 3800K, committed 4032K, reserved 1114112K
  class space    used 330K, committed 448K, reserved 1048576K
}
Event: 2448.202 GC heap before
{Heap before GC invocations=1219 (full 0):
 garbage-first heap   total 137216K, used 104242K [0x0000000702000000, 0x0000000800000000)
  region size 2048K, 34 young (69632K), 5 survivors (10240K)
 Metaspace       used 3800K, committed 4032K, reserved 1114112K
  class space    used 330K, committed 448K, reserved 1048576K
}
Event: 2448.218 GC heap after
{Heap after GC invocations=1220 (full 0):
 garbage-first heap   total 137216K, used 50253K [0x0000000702000000, 0x0000000800000000)
  region size 2048K, 4 young (8192K), 4 survivors (8192K)
 Metaspace       used 3800K, committed 4032K, reserved 1114112K
  class space    used 330K, committed 448K, reserved 1048576K
}

